<?xml version="1.0" encoding="UTF-8"?>
<!-- Generated by org.testng.reporters.JUnitReportReporter -->
<testsuite hostname="Babu" failures="0" tests="1" name="com.learn.Test.FluentWaitTest" time="27.120" errors="0" timestamp="2024-10-27T16:46:30 IST" skipped="0">
  <testcase classname="com.learn.Test.FluentWaitTest" name="testFluientWait" time="27.120"/>
</testsuite> <!-- com.learn.Test.FluentWaitTest -->
