<?xml version="1.0" encoding="UTF-8"?>
<!-- Generated by org.testng.reporters.JUnitReportReporter -->
<testsuite hostname="Babu" failures="0" tests="1" name="com.learn.Test.ImplicitWaitTest" time="16.934" errors="0" timestamp="2024-10-27T15:36:13 IST" skipped="0">
  <testcase classname="com.learn.Test.ImplicitWaitTest" name="testImplicitWait" time="16.934"/>
</testsuite> <!-- com.learn.Test.ImplicitWaitTest -->
