<?xml version="1.0" encoding="UTF-8"?>
<!-- Generated by org.testng.reporters.JUnitReportReporter -->
<testsuite hostname="Babu" failures="0" tests="1" name="com.learn.Test.IFrameTest" time="13.396" errors="0" timestamp="2024-10-23T08:22:17 IST" skipped="0">
  <testcase classname="com.learn.Test.IFrameTest" name="testIframe" time="13.396"/>
</testsuite> <!-- com.learn.Test.IFrameTest -->
