<?xml version="1.0" encoding="UTF-8"?>
<!-- Generated by org.testng.reporters.JUnitReportReporter -->
<testsuite hostname="Babu" failures="0" tests="1" name="com.learn.Test.ExplicitWaitTest" time="17.462" errors="0" timestamp="2024-10-27T16:45:09 IST" skipped="0">
  <testcase classname="com.learn.Test.ExplicitWaitTest" name="testExplicitWait" time="17.462"/>
</testsuite> <!-- com.learn.Test.ExplicitWaitTest -->
