<?xml version="1.0" encoding="UTF-8"?>
<!-- Generated by org.testng.reporters.JUnitReportReporter -->
<testsuite hostname="Babu" failures="0" tests="1" name="com.learn.Test.HandleMultipleWindows" time="34.577" errors="0" timestamp="2024-10-29T08:17:12 IST" skipped="0">
  <testcase classname="com.learn.Test.HandleMultipleWindows" name="navigateToAnotherTab" time="34.577"/>
</testsuite> <!-- com.learn.Test.HandleMultipleWindows -->
