<?xml version="1.0" encoding="UTF-8"?>
<!-- Generated by org.testng.reporters.JUnitReportReporter -->
<testsuite hostname="Babu" failures="0" tests="1" name="com.learn.Test.ScrollPageTest" time="23.975" errors="0" timestamp="2024-11-08T23:28:56 IST" skipped="0">
  <testcase classname="com.learn.Test.ScrollPageTest" name="testNavigationMethods" time="23.975"/>
</testsuite> <!-- com.learn.Test.ScrollPageTest -->
