<?xml version="1.0" encoding="UTF-8"?>
<!-- Generated by org.testng.reporters.JUnitReportReporter -->
<testsuite hostname="Babu" failures="0" tests="1" name="com.learn.Test.StaleElementExceptionTest" time="22.447" errors="0" timestamp="2024-10-29T08:36:52 IST" skipped="0">
  <testcase classname="com.learn.Test.StaleElementExceptionTest" name="testStaleElementException" time="22.447"/>
</testsuite> <!-- com.learn.Test.StaleElementExceptionTest -->
