<?xml version="1.0" encoding="UTF-8"?>
<!-- Generated by org.testng.reporters.JUnitReportReporter -->
<testsuite hostname="Babu" failures="0" tests="1" name="com.learn.Test.AlertTest" time="10.352" errors="0" timestamp="2024-10-23T08:42:48 IST" skipped="0">
  <testcase classname="com.learn.Test.AlertTest" name="testAlerts" time="10.352"/>
</testsuite> <!-- com.learn.Test.AlertTest -->
