<?xml version="1.0" encoding="UTF-8"?>
<!-- Generated by org.testng.reporters.JUnitReportReporter -->
<testsuite hostname="Babu" failures="0" tests="1" name="com.learn.Test.CapabilitiesTest" time="3.085" errors="0" timestamp="2024-10-25T08:38:01 IST" skipped="0">
  <testcase classname="com.learn.Test.CapabilitiesTest" name="testNavigationMethods" time="3.085"/>
</testsuite> <!-- com.learn.Test.CapabilitiesTest -->
